1511873590.947207 client started (5820): version 2.5, socket /tmp/tmux-1000/default, protocol 8
1511873590.947281 on Linux 4.13.0-16-generic #19-Ubuntu SMP Wed Oct 11 18:35:14 UTC 2017; libevent 2.1.8-stable (poll)
1511873590.947322 socket is /tmp/tmux-1000/default
1511873590.947350 trying connect
1511873590.947485 add peer 0x55c1840bbb40: 6 ((nil))
1511873590.947625 sending message 100 to peer 0x55c1840bbb40 (4 bytes)
1511873590.947650 sending message 101 to peer 0x55c1840bbb40 (15 bytes)
1511873590.947665 sending message 102 to peer 0x55c1840bbb40 (11 bytes)
1511873590.947679 sending message 108 to peer 0x55c1840bbb40 (20 bytes)
1511873590.947694 sending message 104 to peer 0x55c1840bbb40 (0 bytes)
1511873590.947710 sending message 107 to peer 0x55c1840bbb40 (4 bytes)
1511873590.947730 sending message 105 to peer 0x55c1840bbb40 (22 bytes)
1511873590.947745 sending message 105 to peer 0x55c1840bbb40 (1468 bytes)
1511873590.947777 sending message 105 to peer 0x55c1840bbb40 (34 bytes)
1511873590.947792 sending message 105 to peer 0x55c1840bbb40 (23 bytes)
1511873590.947806 sending message 105 to peer 0x55c1840bbb40 (17 bytes)
1511873590.947819 sending message 105 to peer 0x55c1840bbb40 (11 bytes)
1511873590.947833 sending message 105 to peer 0x55c1840bbb40 (32 bytes)
1511873590.947846 sending message 105 to peer 0x55c1840bbb40 (20 bytes)
1511873590.947860 sending message 105 to peer 0x55c1840bbb40 (13 bytes)
1511873590.947873 sending message 105 to peer 0x55c1840bbb40 (37 bytes)
1511873590.947887 sending message 105 to peer 0x55c1840bbb40 (36 bytes)
1511873590.947900 sending message 105 to peer 0x55c1840bbb40 (11 bytes)
1511873590.947914 sending message 105 to peer 0x55c1840bbb40 (41 bytes)
1511873590.947927 sending message 105 to peer 0x55c1840bbb40 (18 bytes)
1511873590.947941 sending message 105 to peer 0x55c1840bbb40 (41 bytes)
1511873590.947954 sending message 105 to peer 0x55c1840bbb40 (9 bytes)
1511873590.947968 sending message 105 to peer 0x55c1840bbb40 (23 bytes)
1511873590.947981 sending message 105 to peer 0x55c1840bbb40 (18 bytes)
1511873590.947995 sending message 105 to peer 0x55c1840bbb40 (33 bytes)
1511873590.948008 sending message 105 to peer 0x55c1840bbb40 (26 bytes)
1511873590.948022 sending message 105 to peer 0x55c1840bbb40 (24 bytes)
1511873590.948036 sending message 105 to peer 0x55c1840bbb40 (15 bytes)
1511873590.948049 sending message 105 to peer 0x55c1840bbb40 (24 bytes)
1511873590.948063 sending message 105 to peer 0x55c1840bbb40 (21 bytes)
1511873590.948076 sending message 105 to peer 0x55c1840bbb40 (35 bytes)
1511873590.948089 sending message 105 to peer 0x55c1840bbb40 (25 bytes)
1511873590.948103 sending message 105 to peer 0x55c1840bbb40 (83 bytes)
1511873590.948117 sending message 105 to peer 0x55c1840bbb40 (27 bytes)
1511873590.948131 sending message 105 to peer 0x55c1840bbb40 (24 bytes)
1511873590.948144 sending message 105 to peer 0x55c1840bbb40 (20 bytes)
1511873590.948158 sending message 105 to peer 0x55c1840bbb40 (16 bytes)
1511873590.948171 sending message 105 to peer 0x55c1840bbb40 (17 bytes)
1511873590.948185 sending message 105 to peer 0x55c1840bbb40 (17 bytes)
1511873590.948198 sending message 105 to peer 0x55c1840bbb40 (20 bytes)
1511873590.948211 sending message 105 to peer 0x55c1840bbb40 (18 bytes)
1511873590.948224 sending message 105 to peer 0x55c1840bbb40 (33 bytes)
1511873590.948237 sending message 105 to peer 0x55c1840bbb40 (15 bytes)
1511873590.948251 sending message 105 to peer 0x55c1840bbb40 (8 bytes)
1511873590.948264 sending message 105 to peer 0x55c1840bbb40 (18 bytes)
1511873590.948277 sending message 105 to peer 0x55c1840bbb40 (44 bytes)
1511873590.948290 sending message 105 to peer 0x55c1840bbb40 (12 bytes)
1511873590.948303 sending message 105 to peer 0x55c1840bbb40 (54 bytes)
1511873590.948316 sending message 105 to peer 0x55c1840bbb40 (31 bytes)
1511873590.948329 sending message 105 to peer 0x55c1840bbb40 (45 bytes)
1511873590.948343 sending message 105 to peer 0x55c1840bbb40 (211 bytes)
1511873590.948356 sending message 105 to peer 0x55c1840bbb40 (33 bytes)
1511873590.948370 sending message 105 to peer 0x55c1840bbb40 (106 bytes)
1511873590.948407 sending message 105 to peer 0x55c1840bbb40 (32 bytes)
1511873590.948423 sending message 105 to peer 0x55c1840bbb40 (19 bytes)
1511873590.948437 sending message 105 to peer 0x55c1840bbb40 (16 bytes)
1511873590.948450 sending message 105 to peer 0x55c1840bbb40 (16 bytes)
1511873590.948463 sending message 106 to peer 0x55c1840bbb40 (0 bytes)
1511873590.948477 sending message 200 to peer 0x55c1840bbb40 (4 bytes)
1511873590.948490 client loop enter
1511873590.953848 peer 0x55c1840bbb40 message 207
1511873590.953922 sending message 208 to peer 0x55c1840bbb40 (0 bytes)
1511873595.107859 peer 0x55c1840bbb40 message 201
1511873595.107922 sending message 205 to peer 0x55c1840bbb40 (0 bytes)
1511873595.108457 peer 0x55c1840bbb40 message 204
1511873595.108483 client loop exit
